<?xml version="1.0" encoding="UTF-8"?>
<testng-results ignored="0" total="2" passed="2" failed="0" skipped="0">
  <reporter-output>
  </reporter-output>
  <suite started-at="2026-01-28T12:32:23 IST" name="Default suite" finished-at="2026-01-28T12:32:25 IST" duration-ms="2182">
    <groups>
    </groups>
    <test started-at="2026-01-28T12:32:23 IST" name="Default test" finished-at="2026-01-28T12:32:25 IST" duration-ms="2182">
      <class name="SpecBuilder">
        <test-method signature="specTestCaseActual()[pri:0, instance:SpecBuilder@13fd2ccd]" started-at="2026-01-28T12:32:23 IST" name="specTestCaseActual" finished-at="2026-01-28T12:32:25 IST" duration-ms="2020" status="PASS">
          <reporter-output>
          </reporter-output>
        </test-method> <!-- specTestCaseActual -->
        <test-method signature="specTestCase_TraditionalApproach()[pri:0, instance:SpecBuilder@13fd2ccd]" started-at="2026-01-28T12:32:25 IST" name="specTestCase_TraditionalApproach" finished-at="2026-01-28T12:32:25 IST" duration-ms="116" status="PASS">
          <reporter-output>
          </reporter-output>
        </test-method> <!-- specTestCase_TraditionalApproach -->
      </class> <!-- SpecBuilder -->
    </test> <!-- Default test -->
  </suite> <!-- Default suite -->
</testng-results>
