<?xml version="1.0" encoding="UTF-8"?>
<testng-results ignored="0" total="2" passed="2" failed="0" skipped="0">
  <reporter-output>
  </reporter-output>
  <suite started-at="2026-01-20T00:58:10 IST" name="Default suite" finished-at="2026-01-20T00:58:11 IST" duration-ms="1572">
    <groups>
    </groups>
    <test started-at="2026-01-20T00:58:10 IST" name="Default test" finished-at="2026-01-20T00:58:11 IST" duration-ms="1572">
      <class name="DynamicJson">
        <test-method signature="addBook(java.lang.String,java.lang.String)[pri:0, instance:DynamicJson@60bd273d]" started-at="2026-01-20T00:58:10 IST" name="addBook" data-provider="BookData" finished-at="2026-01-20T00:58:11 IST" duration-ms="1243" status="PASS">
          <params>
            <param index="0">
              <value>
                <![CDATA[bcd6755556455]]>
              </value>
            </param>
            <param index="1">
              <value>
                <![CDATA[227]]>
              </value>
            </param>
          </params>
          <reporter-output>
          </reporter-output>
        </test-method> <!-- addBook -->
        <test-method signature="addBook(java.lang.String,java.lang.String)[pri:0, instance:DynamicJson@60bd273d]" started-at="2026-01-20T00:58:11 IST" name="addBook" data-provider="BookData" finished-at="2026-01-20T00:58:11 IST" duration-ms="290" status="PASS">
          <params>
            <param index="0">
              <value>
                <![CDATA[bcd67555453455]]>
              </value>
            </param>
            <param index="1">
              <value>
                <![CDATA[227]]>
              </value>
            </param>
          </params>
          <reporter-output>
          </reporter-output>
        </test-method> <!-- addBook -->
      </class> <!-- DynamicJson -->
    </test> <!-- Default test -->
  </suite> <!-- Default suite -->
</testng-results>
